INFO:sim:172 - Generating IP...
Applying current project options...
Finished applying current project options.
Resolving generics for 'PaletteMemory'...
WARNING:sim - A core named 'PaletteMemory' already exists in the project. Output
   products for this core may be overwritten.
Applying external generics to 'PaletteMemory'...
Delivering associated files for 'PaletteMemory'...
Delivering EJava files for 'PaletteMemory'...
Generating implementation netlist for 'PaletteMemory'...
INFO:sim - Pre-processing HDL files for 'PaletteMemory'...
Running synthesis for 'PaletteMemory'
Running ngcbuild...
Writing VEO instantiation template for 'PaletteMemory'...
Writing Verilog behavioral simulation model for 'PaletteMemory'...
WARNING:sim - Overwriting existing file
   Z:/Dev/hc800/nexys3/hc800.srcs/sources_1/ip/blk_mem_gen_v7_3_3/tmp/_cg/Palett
   eMemory/doc/blk_mem_gen_v7_3_vinfo.html with file from view
   xilinx_documentation
Delivered 1 file into directory
Z:/Dev/hc800/nexys3/hc800.srcs/sources_1/ip/blk_mem_gen_v7_3_3/tmp/_cg/PaletteMe
mory
Generating ASY schematic symbol...
INFO:sim:949 - Finished generation of ASY schematic symbol.
Generating metadata file...
Generating ISE project file for 'PaletteMemory'...
Generating ISE project...
XCO file found: PaletteMemory.xco
XMDF file found: PaletteMemory_xmdf.tcl
Adding
Z:/Dev/hc800/nexys3/hc800.srcs/sources_1/ip/blk_mem_gen_v7_3_3/tmp/_cg/PaletteMe
mory.asy -view all -origin_type imported
Adding
Z:/Dev/hc800/nexys3/hc800.srcs/sources_1/ip/blk_mem_gen_v7_3_3/tmp/_cg/PaletteMe
mory.ngc -view all -origin_type created
Checking file
"Z:/Dev/hc800/nexys3/hc800.srcs/sources_1/ip/blk_mem_gen_v7_3_3/tmp/_cg/PaletteM
emory.ngc" for project device match ...
File
"Z:/Dev/hc800/nexys3/hc800.srcs/sources_1/ip/blk_mem_gen_v7_3_3/tmp/_cg/PaletteM
emory.ngc" device information matches project device.
Adding
Z:/Dev/hc800/nexys3/hc800.srcs/sources_1/ip/blk_mem_gen_v7_3_3/tmp/_cg/PaletteMe
mory.v -view all -origin_type created
INFO:HDLCompiler:1845 - Analyzing Verilog file
   "Z:/Dev/hc800/nexys3/hc800.srcs/sources_1/ip/blk_mem_gen_v7_3_3/tmp/_cg/Palet
   teMemory.v" into library work
INFO:ProjectMgmt - Parsing design hierarchy completed successfully.
Adding
Z:/Dev/hc800/nexys3/hc800.srcs/sources_1/ip/blk_mem_gen_v7_3_3/tmp/_cg/PaletteMe
mory.veo -view all -origin_type imported
INFO:TclTasksC:2116 - The automatic calculation of top has been turned-off.
   Please set the new top explicitly by running the "project set top" command.
   To re-calculate the new top automatically, set the "Auto Implementation Top"
   property to true.
Top level has been set to "/PaletteMemory"
Generating README file...
Generating FLIST file...
INFO:sim:948 - Finished FLIST file generation.
Moving files to output directory...
Finished moving files to output directory
Wrote CGP file for project 'coregen'.
